Determining if the pthread_create exist failed with the following output:
Change Dir: /autofs/netapp/travail/awolski/M2_S9/SyntImage/tp1/build-sia_td1-Desktop-Défaut/CMakeFiles/CMakeTmp

Run Build Command:"/usr/bin/make" "cmTC_5142d/fast"
/usr/bin/make -f CMakeFiles/cmTC_5142d.dir/build.make CMakeFiles/cmTC_5142d.dir/build
make[1] : on entre dans le répertoire « /autofs/netapp/travail/awolski/M2_S9/SyntImage/tp1/build-sia_td1-Desktop-Défaut/CMakeFiles/CMakeTmp »
Building C object CMakeFiles/cmTC_5142d.dir/CheckSymbolExists.c.o
/usr/bin/cc     -o CMakeFiles/cmTC_5142d.dir/CheckSymbolExists.c.o   -c /autofs/netapp/travail/awolski/M2_S9/SyntImage/tp1/build-sia_td1-Desktop-Défaut/CMakeFiles/CMakeTmp/CheckSymbolExists.c
Linking C executable cmTC_5142d
/usr/bin/cmake -E cmake_link_script CMakeFiles/cmTC_5142d.dir/link.txt --verbose=1
/usr/bin/cc       CMakeFiles/cmTC_5142d.dir/CheckSymbolExists.c.o  -o cmTC_5142d -rdynamic 
CMakeFiles/cmTC_5142d.dir/CheckSymbolExists.c.o : Dans la fonction « main » :
CheckSymbolExists.c:(.text+0x1b) : référence indéfinie vers « pthread_create »
collect2: error: ld returned 1 exit status
CMakeFiles/cmTC_5142d.dir/build.make:97 : la recette pour la cible « cmTC_5142d » a échouée
make[1]: *** [cmTC_5142d] Erreur 1
make[1] : on quitte le répertoire « /autofs/netapp/travail/awolski/M2_S9/SyntImage/tp1/build-sia_td1-Desktop-Défaut/CMakeFiles/CMakeTmp »
Makefile:126 : la recette pour la cible « cmTC_5142d/fast » a échouée
make: *** [cmTC_5142d/fast] Erreur 2

File /autofs/netapp/travail/awolski/M2_S9/SyntImage/tp1/build-sia_td1-Desktop-Défaut/CMakeFiles/CMakeTmp/CheckSymbolExists.c:
/* */
#include <pthread.h>

int main(int argc, char** argv)
{
  (void)argv;
#ifndef pthread_create
  return ((int*)(&pthread_create))[argc];
#else
  (void)argc;
  return 0;
#endif
}

Determining if the function pthread_create exists in the pthreads failed with the following output:
Change Dir: /autofs/netapp/travail/awolski/M2_S9/SyntImage/tp1/build-sia_td1-Desktop-Défaut/CMakeFiles/CMakeTmp

Run Build Command:"/usr/bin/make" "cmTC_7195c/fast"
/usr/bin/make -f CMakeFiles/cmTC_7195c.dir/build.make CMakeFiles/cmTC_7195c.dir/build
make[1] : on entre dans le répertoire « /autofs/netapp/travail/awolski/M2_S9/SyntImage/tp1/build-sia_td1-Desktop-Défaut/CMakeFiles/CMakeTmp »
Building C object CMakeFiles/cmTC_7195c.dir/CheckFunctionExists.c.o
/usr/bin/cc    -DCHECK_FUNCTION_EXISTS=pthread_create   -o CMakeFiles/cmTC_7195c.dir/CheckFunctionExists.c.o   -c /usr/share/cmake-3.7/Modules/CheckFunctionExists.c
Linking C executable cmTC_7195c
/usr/bin/cmake -E cmake_link_script CMakeFiles/cmTC_7195c.dir/link.txt --verbose=1
/usr/bin/cc   -DCHECK_FUNCTION_EXISTS=pthread_create    CMakeFiles/cmTC_7195c.dir/CheckFunctionExists.c.o  -o cmTC_7195c -rdynamic -lpthreads 
/usr/bin/ld : ne peut trouver -lpthreads
collect2: error: ld returned 1 exit status
CMakeFiles/cmTC_7195c.dir/build.make:97 : la recette pour la cible « cmTC_7195c » a échouée
make[1]: *** [cmTC_7195c] Erreur 1
make[1] : on quitte le répertoire « /autofs/netapp/travail/awolski/M2_S9/SyntImage/tp1/build-sia_td1-Desktop-Défaut/CMakeFiles/CMakeTmp »
Makefile:126 : la recette pour la cible « cmTC_7195c/fast » a échouée
make: *** [cmTC_7195c/fast] Erreur 2


