The system is: Linux - 4.9.0-3-amd64 - x86_64
Compiling the C compiler identification source file "CMakeCCompilerId.c" succeeded.
Compiler: /usr/bin/cc 
Build flags: 
Id flags: 

The output was:
0


Compilation of the C compiler identification source "CMakeCCompilerId.c" produced "a.out"

The C compiler identification is GNU, found in "/autofs/netapp/travail/awolski/M2_S9/SyntImage/tp1/build-sia_td1-Desktop-Défaut/CMakeFiles/3.7.2/CompilerIdC/a.out"

Compiling the CXX compiler identification source file "CMakeCXXCompilerId.cpp" succeeded.
Compiler: /usr/bin/g++ 
Build flags: 
Id flags: 

The output was:
0


Compilation of the CXX compiler identification source "CMakeCXXCompilerId.cpp" produced "a.out"

The CXX compiler identification is GNU, found in "/autofs/netapp/travail/awolski/M2_S9/SyntImage/tp1/build-sia_td1-Desktop-Défaut/CMakeFiles/3.7.2/CompilerIdCXX/a.out"

Determining if the C compiler works passed with the following output:
Change Dir: /autofs/netapp/travail/awolski/M2_S9/SyntImage/tp1/build-sia_td1-Desktop-Défaut/CMakeFiles/CMakeTmp

Run Build Command:"/usr/bin/make" "cmTC_52c03/fast"
/usr/bin/make -f CMakeFiles/cmTC_52c03.dir/build.make CMakeFiles/cmTC_52c03.dir/build
make[1] : on entre dans le répertoire « /autofs/netapp/travail/awolski/M2_S9/SyntImage/tp1/build-sia_td1-Desktop-Défaut/CMakeFiles/CMakeTmp »
Building C object CMakeFiles/cmTC_52c03.dir/testCCompiler.c.o
/usr/bin/cc     -o CMakeFiles/cmTC_52c03.dir/testCCompiler.c.o   -c /autofs/netapp/travail/awolski/M2_S9/SyntImage/tp1/build-sia_td1-Desktop-Défaut/CMakeFiles/CMakeTmp/testCCompiler.c
Linking C executable cmTC_52c03
/usr/bin/cmake -E cmake_link_script CMakeFiles/cmTC_52c03.dir/link.txt --verbose=1
/usr/bin/cc       CMakeFiles/cmTC_52c03.dir/testCCompiler.c.o  -o cmTC_52c03 -rdynamic 
make[1] : on quitte le répertoire « /autofs/netapp/travail/awolski/M2_S9/SyntImage/tp1/build-sia_td1-Desktop-Défaut/CMakeFiles/CMakeTmp »


Detecting C compiler ABI info compiled with the following output:
Change Dir: /autofs/netapp/travail/awolski/M2_S9/SyntImage/tp1/build-sia_td1-Desktop-Défaut/CMakeFiles/CMakeTmp

Run Build Command:"/usr/bin/make" "cmTC_9f223/fast"
/usr/bin/make -f CMakeFiles/cmTC_9f223.dir/build.make CMakeFiles/cmTC_9f223.dir/build
make[1] : on entre dans le répertoire « /autofs/netapp/travail/awolski/M2_S9/SyntImage/tp1/build-sia_td1-Desktop-Défaut/CMakeFiles/CMakeTmp »
Building C object CMakeFiles/cmTC_9f223.dir/CMakeCCompilerABI.c.o
/usr/bin/cc     -o CMakeFiles/cmTC_9f223.dir/CMakeCCompilerABI.c.o   -c /usr/share/cmake-3.7/Modules/CMakeCCompilerABI.c
Linking C executable cmTC_9f223
/usr/bin/cmake -E cmake_link_script CMakeFiles/cmTC_9f223.dir/link.txt --verbose=1
/usr/bin/cc      -v CMakeFiles/cmTC_9f223.dir/CMakeCCompilerABI.c.o  -o cmTC_9f223 -rdynamic  
Using built-in specs.
COLLECT_GCC=/usr/bin/cc
COLLECT_LTO_WRAPPER=/usr/lib/gcc/x86_64-linux-gnu/6/lto-wrapper
Target: x86_64-linux-gnu
Configured with: ../src/configure -v --with-pkgversion='Debian 6.3.0-18' --with-bugurl=file:///usr/share/doc/gcc-6/README.Bugs --enable-languages=c,ada,c++,java,go,d,fortran,objc,obj-c++ --prefix=/usr --program-suffix=-6 --program-prefix=x86_64-linux-gnu- --enable-shared --enable-linker-build-id --libexecdir=/usr/lib --without-included-gettext --enable-threads=posix --libdir=/usr/lib --enable-nls --with-sysroot=/ --enable-clocale=gnu --enable-libstdcxx-debug --enable-libstdcxx-time=yes --with-default-libstdcxx-abi=new --enable-gnu-unique-object --disable-vtable-verify --enable-libmpx --enable-plugin --enable-default-pie --with-system-zlib --disable-browser-plugin --enable-java-awt=gtk --enable-gtk-cairo --with-java-home=/usr/lib/jvm/java-1.5.0-gcj-6-amd64/jre --enable-java-home --with-jvm-root-dir=/usr/lib/jvm/java-1.5.0-gcj-6-amd64 --with-jvm-jar-dir=/usr/lib/jvm-exports/java-1.5.0-gcj-6-amd64 --with-arch-directory=amd64 --with-ecj-jar=/usr/share/java/eclipse-ecj.jar --with-target-system-zlib --enable-objc-gc=auto --enable-multiarch --with-arch-32=i686 --with-abi=m64 --with-multilib-list=m32,m64,mx32 --enable-multilib --with-tune=generic --enable-checking=release --build=x86_64-linux-gnu --host=x86_64-linux-gnu --target=x86_64-linux-gnu
Thread model: posix
gcc version 6.3.0 20170516 (Debian 6.3.0-18) 
COMPILER_PATH=/usr/lib/gcc/x86_64-linux-gnu/6/:/usr/lib/gcc/x86_64-linux-gnu/6/:/usr/lib/gcc/x86_64-linux-gnu/:/usr/lib/gcc/x86_64-linux-gnu/6/:/usr/lib/gcc/x86_64-linux-gnu/
LIBRARY_PATH=/usr/lib/gcc/x86_64-linux-gnu/6/:/usr/lib/gcc/x86_64-linux-gnu/6/../../../x86_64-linux-gnu/:/usr/lib/gcc/x86_64-linux-gnu/6/../../../../lib/:/lib/x86_64-linux-gnu/:/lib/../lib/:/usr/lib/x86_64-linux-gnu/:/usr/lib/../lib/:/usr/lib/gcc/x86_64-linux-gnu/6/../../../:/lib/:/usr/lib/
COLLECT_GCC_OPTIONS='-v' '-o' 'cmTC_9f223' '-rdynamic' '-mtune=generic' '-march=x86-64'
 /usr/lib/gcc/x86_64-linux-gnu/6/collect2 -plugin /usr/lib/gcc/x86_64-linux-gnu/6/liblto_plugin.so -plugin-opt=/usr/lib/gcc/x86_64-linux-gnu/6/lto-wrapper -plugin-opt=-fresolution=/tmp/cache-awolski/ccPK5Obk.res -plugin-opt=-pass-through=-lgcc -plugin-opt=-pass-through=-lgcc_s -plugin-opt=-pass-through=-lc -plugin-opt=-pass-through=-lgcc -plugin-opt=-pass-through=-lgcc_s --sysroot=/ --build-id --eh-frame-hdr -m elf_x86_64 --hash-style=gnu -export-dynamic -dynamic-linker /lib64/ld-linux-x86-64.so.2 -pie -o cmTC_9f223 /usr/lib/gcc/x86_64-linux-gnu/6/../../../x86_64-linux-gnu/Scrt1.o /usr/lib/gcc/x86_64-linux-gnu/6/../../../x86_64-linux-gnu/crti.o /usr/lib/gcc/x86_64-linux-gnu/6/crtbeginS.o -L/usr/lib/gcc/x86_64-linux-gnu/6 -L/usr/lib/gcc/x86_64-linux-gnu/6/../../../x86_64-linux-gnu -L/usr/lib/gcc/x86_64-linux-gnu/6/../../../../lib -L/lib/x86_64-linux-gnu -L/lib/../lib -L/usr/lib/x86_64-linux-gnu -L/usr/lib/../lib -L/usr/lib/gcc/x86_64-linux-gnu/6/../../.. CMakeFiles/cmTC_9f223.dir/CMakeCCompilerABI.c.o -lgcc --as-needed -lgcc_s --no-as-needed -lc -lgcc --as-needed -lgcc_s --no-as-needed /usr/lib/gcc/x86_64-linux-gnu/6/crtendS.o /usr/lib/gcc/x86_64-linux-gnu/6/../../../x86_64-linux-gnu/crtn.o
COLLECT_GCC_OPTIONS='-v' '-o' 'cmTC_9f223' '-rdynamic' '-mtune=generic' '-march=x86-64'
make[1] : on quitte le répertoire « /autofs/netapp/travail/awolski/M2_S9/SyntImage/tp1/build-sia_td1-Desktop-Défaut/CMakeFiles/CMakeTmp »


Parsed C implicit link information from above output:
  link line regex: [^( *|.*[/\])(ld|([^/\]+-)?ld|collect2)[^/\]*( |$)]
  ignore line: [Change Dir: /autofs/netapp/travail/awolski/M2_S9/SyntImage/tp1/build-sia_td1-Desktop-Défaut/CMakeFiles/CMakeTmp]
  ignore line: []
  ignore line: [Run Build Command:"/usr/bin/make" "cmTC_9f223/fast"]
  ignore line: [/usr/bin/make -f CMakeFiles/cmTC_9f223.dir/build.make CMakeFiles/cmTC_9f223.dir/build]
  ignore line: [make[1] : on entre dans le répertoire « /autofs/netapp/travail/awolski/M2_S9/SyntImage/tp1/build-sia_td1-Desktop-Défaut/CMakeFiles/CMakeTmp »]
  ignore line: [Building C object CMakeFiles/cmTC_9f223.dir/CMakeCCompilerABI.c.o]
  ignore line: [/usr/bin/cc     -o CMakeFiles/cmTC_9f223.dir/CMakeCCompilerABI.c.o   -c /usr/share/cmake-3.7/Modules/CMakeCCompilerABI.c]
  ignore line: [Linking C executable cmTC_9f223]
  ignore line: [/usr/bin/cmake -E cmake_link_script CMakeFiles/cmTC_9f223.dir/link.txt --verbose=1]
  ignore line: [/usr/bin/cc      -v CMakeFiles/cmTC_9f223.dir/CMakeCCompilerABI.c.o  -o cmTC_9f223 -rdynamic  ]
  ignore line: [Using built-in specs.]
  ignore line: [COLLECT_GCC=/usr/bin/cc]
  ignore line: [COLLECT_LTO_WRAPPER=/usr/lib/gcc/x86_64-linux-gnu/6/lto-wrapper]
  ignore line: [Target: x86_64-linux-gnu]
  ignore line: [Configured with: ../src/configure -v --with-pkgversion='Debian 6.3.0-18' --with-bugurl=file:///usr/share/doc/gcc-6/README.Bugs --enable-languages=c,ada,c++,java,go,d,fortran,objc,obj-c++ --prefix=/usr --program-suffix=-6 --program-prefix=x86_64-linux-gnu- --enable-shared --enable-linker-build-id --libexecdir=/usr/lib --without-included-gettext --enable-threads=posix --libdir=/usr/lib --enable-nls --with-sysroot=/ --enable-clocale=gnu --enable-libstdcxx-debug --enable-libstdcxx-time=yes --with-default-libstdcxx-abi=new --enable-gnu-unique-object --disable-vtable-verify --enable-libmpx --enable-plugin --enable-default-pie --with-system-zlib --disable-browser-plugin --enable-java-awt=gtk --enable-gtk-cairo --with-java-home=/usr/lib/jvm/java-1.5.0-gcj-6-amd64/jre --enable-java-home --with-jvm-root-dir=/usr/lib/jvm/java-1.5.0-gcj-6-amd64 --with-jvm-jar-dir=/usr/lib/jvm-exports/java-1.5.0-gcj-6-amd64 --with-arch-directory=amd64 --with-ecj-jar=/usr/share/java/eclipse-ecj.jar --with-target-system-zlib --enable-objc-gc=auto --enable-multiarch --with-arch-32=i686 --with-abi=m64 --with-multilib-list=m32,m64,mx32 --enable-multilib --with-tune=generic --enable-checking=release --build=x86_64-linux-gnu --host=x86_64-linux-gnu --target=x86_64-linux-gnu]
  ignore line: [Thread model: posix]
  ignore line: [gcc version 6.3.0 20170516 (Debian 6.3.0-18) ]
  ignore line: [COMPILER_PATH=/usr/lib/gcc/x86_64-linux-gnu/6/:/usr/lib/gcc/x86_64-linux-gnu/6/:/usr/lib/gcc/x86_64-linux-gnu/:/usr/lib/gcc/x86_64-linux-gnu/6/:/usr/lib/gcc/x86_64-linux-gnu/]
  ignore line: [LIBRARY_PATH=/usr/lib/gcc/x86_64-linux-gnu/6/:/usr/lib/gcc/x86_64-linux-gnu/6/../../../x86_64-linux-gnu/:/usr/lib/gcc/x86_64-linux-gnu/6/../../../../lib/:/lib/x86_64-linux-gnu/:/lib/../lib/:/usr/lib/x86_64-linux-gnu/:/usr/lib/../lib/:/usr/lib/gcc/x86_64-linux-gnu/6/../../../:/lib/:/usr/lib/]
  ignore line: [COLLECT_GCC_OPTIONS='-v' '-o' 'cmTC_9f223' '-rdynamic' '-mtune=generic' '-march=x86-64']
  link line: [ /usr/lib/gcc/x86_64-linux-gnu/6/collect2 -plugin /usr/lib/gcc/x86_64-linux-gnu/6/liblto_plugin.so -plugin-opt=/usr/lib/gcc/x86_64-linux-gnu/6/lto-wrapper -plugin-opt=-fresolution=/tmp/cache-awolski/ccPK5Obk.res -plugin-opt=-pass-through=-lgcc -plugin-opt=-pass-through=-lgcc_s -plugin-opt=-pass-through=-lc -plugin-opt=-pass-through=-lgcc -plugin-opt=-pass-through=-lgcc_s --sysroot=/ --build-id --eh-frame-hdr -m elf_x86_64 --hash-style=gnu -export-dynamic -dynamic-linker /lib64/ld-linux-x86-64.so.2 -pie -o cmTC_9f223 /usr/lib/gcc/x86_64-linux-gnu/6/../../../x86_64-linux-gnu/Scrt1.o /usr/lib/gcc/x86_64-linux-gnu/6/../../../x86_64-linux-gnu/crti.o /usr/lib/gcc/x86_64-linux-gnu/6/crtbeginS.o -L/usr/lib/gcc/x86_64-linux-gnu/6 -L/usr/lib/gcc/x86_64-linux-gnu/6/../../../x86_64-linux-gnu -L/usr/lib/gcc/x86_64-linux-gnu/6/../../../../lib -L/lib/x86_64-linux-gnu -L/lib/../lib -L/usr/lib/x86_64-linux-gnu -L/usr/lib/../lib -L/usr/lib/gcc/x86_64-linux-gnu/6/../../.. CMakeFiles/cmTC_9f223.dir/CMakeCCompilerABI.c.o -lgcc --as-needed -lgcc_s --no-as-needed -lc -lgcc --as-needed -lgcc_s --no-as-needed /usr/lib/gcc/x86_64-linux-gnu/6/crtendS.o /usr/lib/gcc/x86_64-linux-gnu/6/../../../x86_64-linux-gnu/crtn.o]
    arg [/usr/lib/gcc/x86_64-linux-gnu/6/collect2] ==> ignore
    arg [-plugin] ==> ignore
    arg [/usr/lib/gcc/x86_64-linux-gnu/6/liblto_plugin.so] ==> ignore
    arg [-plugin-opt=/usr/lib/gcc/x86_64-linux-gnu/6/lto-wrapper] ==> ignore
    arg [-plugin-opt=-fresolution=/tmp/cache-awolski/ccPK5Obk.res] ==> ignore
    arg [-plugin-opt=-pass-through=-lgcc] ==> ignore
    arg [-plugin-opt=-pass-through=-lgcc_s] ==> ignore
    arg [-plugin-opt=-pass-through=-lc] ==> ignore
    arg [-plugin-opt=-pass-through=-lgcc] ==> ignore
    arg [-plugin-opt=-pass-through=-lgcc_s] ==> ignore
    arg [--sysroot=/] ==> ignore
    arg [--build-id] ==> ignore
    arg [--eh-frame-hdr] ==> ignore
    arg [-m] ==> ignore
    arg [elf_x86_64] ==> ignore
    arg [--hash-style=gnu] ==> ignore
    arg [-export-dynamic] ==> ignore
    arg [-dynamic-linker] ==> ignore
    arg [/lib64/ld-linux-x86-64.so.2] ==> ignore
    arg [-pie] ==> ignore
    arg [-o] ==> ignore
    arg [cmTC_9f223] ==> ignore
    arg [/usr/lib/gcc/x86_64-linux-gnu/6/../../../x86_64-linux-gnu/Scrt1.o] ==> ignore
    arg [/usr/lib/gcc/x86_64-linux-gnu/6/../../../x86_64-linux-gnu/crti.o] ==> ignore
    arg [/usr/lib/gcc/x86_64-linux-gnu/6/crtbeginS.o] ==> ignore
    arg [-L/usr/lib/gcc/x86_64-linux-gnu/6] ==> dir [/usr/lib/gcc/x86_64-linux-gnu/6]
    arg [-L/usr/lib/gcc/x86_64-linux-gnu/6/../../../x86_64-linux-gnu] ==> dir [/usr/lib/gcc/x86_64-linux-gnu/6/../../../x86_64-linux-gnu]
    arg [-L/usr/lib/gcc/x86_64-linux-gnu/6/../../../../lib] ==> dir [/usr/lib/gcc/x86_64-linux-gnu/6/../../../../lib]
    arg [-L/lib/x86_64-linux-gnu] ==> dir [/lib/x86_64-linux-gnu]
    arg [-L/lib/../lib] ==> dir [/lib/../lib]
    arg [-L/usr/lib/x86_64-linux-gnu] ==> dir [/usr/lib/x86_64-linux-gnu]
    arg [-L/usr/lib/../lib] ==> dir [/usr/lib/../lib]
    arg [-L/usr/lib/gcc/x86_64-linux-gnu/6/../../..] ==> dir [/usr/lib/gcc/x86_64-linux-gnu/6/../../..]
    arg [CMakeFiles/cmTC_9f223.dir/CMakeCCompilerABI.c.o] ==> ignore
    arg [-lgcc] ==> lib [gcc]
    arg [--as-needed] ==> ignore
    arg [-lgcc_s] ==> lib [gcc_s]
    arg [--no-as-needed] ==> ignore
    arg [-lc] ==> lib [c]
    arg [-lgcc] ==> lib [gcc]
    arg [--as-needed] ==> ignore
    arg [-lgcc_s] ==> lib [gcc_s]
    arg [--no-as-needed] ==> ignore
    arg [/usr/lib/gcc/x86_64-linux-gnu/6/crtendS.o] ==> ignore
    arg [/usr/lib/gcc/x86_64-linux-gnu/6/../../../x86_64-linux-gnu/crtn.o] ==> ignore
  remove lib [gcc]
  remove lib [gcc_s]
  remove lib [gcc]
  remove lib [gcc_s]
  collapse library dir [/usr/lib/gcc/x86_64-linux-gnu/6] ==> [/usr/lib/gcc/x86_64-linux-gnu/6]
  collapse library dir [/usr/lib/gcc/x86_64-linux-gnu/6/../../../x86_64-linux-gnu] ==> [/usr/lib/x86_64-linux-gnu]
  collapse library dir [/usr/lib/gcc/x86_64-linux-gnu/6/../../../../lib] ==> [/usr/lib]
  collapse library dir [/lib/x86_64-linux-gnu] ==> [/lib/x86_64-linux-gnu]
  collapse library dir [/lib/../lib] ==> [/lib]
  collapse library dir [/usr/lib/x86_64-linux-gnu] ==> [/usr/lib/x86_64-linux-gnu]
  collapse library dir [/usr/lib/../lib] ==> [/usr/lib]
  collapse library dir [/usr/lib/gcc/x86_64-linux-gnu/6/../../..] ==> [/usr/lib]
  implicit libs: [c]
  implicit dirs: [/usr/lib/gcc/x86_64-linux-gnu/6;/usr/lib/x86_64-linux-gnu;/usr/lib;/lib/x86_64-linux-gnu;/lib]
  implicit fwks: []




Detecting C [-std=c11] compiler features compiled with the following output:
Change Dir: /autofs/netapp/travail/awolski/M2_S9/SyntImage/tp1/build-sia_td1-Desktop-Défaut/CMakeFiles/CMakeTmp

Run Build Command:"/usr/bin/make" "cmTC_ba567/fast"
/usr/bin/make -f CMakeFiles/cmTC_ba567.dir/build.make CMakeFiles/cmTC_ba567.dir/build
make[1] : on entre dans le répertoire « /autofs/netapp/travail/awolski/M2_S9/SyntImage/tp1/build-sia_td1-Desktop-Défaut/CMakeFiles/CMakeTmp »
Building C object CMakeFiles/cmTC_ba567.dir/feature_tests.c.o
/usr/bin/cc    -std=c11 -o CMakeFiles/cmTC_ba567.dir/feature_tests.c.o   -c /autofs/netapp/travail/awolski/M2_S9/SyntImage/tp1/build-sia_td1-Desktop-Défaut/CMakeFiles/feature_tests.c
Linking C executable cmTC_ba567
/usr/bin/cmake -E cmake_link_script CMakeFiles/cmTC_ba567.dir/link.txt --verbose=1
/usr/bin/cc       CMakeFiles/cmTC_ba567.dir/feature_tests.c.o  -o cmTC_ba567 -rdynamic 
make[1] : on quitte le répertoire « /autofs/netapp/travail/awolski/M2_S9/SyntImage/tp1/build-sia_td1-Desktop-Défaut/CMakeFiles/CMakeTmp »


    Feature record: C_FEATURE:1c_function_prototypes
    Feature record: C_FEATURE:1c_restrict
    Feature record: C_FEATURE:1c_static_assert
    Feature record: C_FEATURE:1c_variadic_macros


Detecting C [-std=c99] compiler features compiled with the following output:
Change Dir: /autofs/netapp/travail/awolski/M2_S9/SyntImage/tp1/build-sia_td1-Desktop-Défaut/CMakeFiles/CMakeTmp

Run Build Command:"/usr/bin/make" "cmTC_8202d/fast"
/usr/bin/make -f CMakeFiles/cmTC_8202d.dir/build.make CMakeFiles/cmTC_8202d.dir/build
make[1] : on entre dans le répertoire « /autofs/netapp/travail/awolski/M2_S9/SyntImage/tp1/build-sia_td1-Desktop-Défaut/CMakeFiles/CMakeTmp »
Building C object CMakeFiles/cmTC_8202d.dir/feature_tests.c.o
/usr/bin/cc    -std=c99 -o CMakeFiles/cmTC_8202d.dir/feature_tests.c.o   -c /autofs/netapp/travail/awolski/M2_S9/SyntImage/tp1/build-sia_td1-Desktop-Défaut/CMakeFiles/feature_tests.c
Linking C executable cmTC_8202d
/usr/bin/cmake -E cmake_link_script CMakeFiles/cmTC_8202d.dir/link.txt --verbose=1
/usr/bin/cc       CMakeFiles/cmTC_8202d.dir/feature_tests.c.o  -o cmTC_8202d -rdynamic 
make[1] : on quitte le répertoire « /autofs/netapp/travail/awolski/M2_S9/SyntImage/tp1/build-sia_td1-Desktop-Défaut/CMakeFiles/CMakeTmp »


    Feature record: C_FEATURE:1c_function_prototypes
    Feature record: C_FEATURE:1c_restrict
    Feature record: C_FEATURE:0c_static_assert
    Feature record: C_FEATURE:1c_variadic_macros


Detecting C [-std=c90] compiler features compiled with the following output:
Change Dir: /autofs/netapp/travail/awolski/M2_S9/SyntImage/tp1/build-sia_td1-Desktop-Défaut/CMakeFiles/CMakeTmp

Run Build Command:"/usr/bin/make" "cmTC_ff04f/fast"
/usr/bin/make -f CMakeFiles/cmTC_ff04f.dir/build.make CMakeFiles/cmTC_ff04f.dir/build
make[1] : on entre dans le répertoire « /autofs/netapp/travail/awolski/M2_S9/SyntImage/tp1/build-sia_td1-Desktop-Défaut/CMakeFiles/CMakeTmp »
Building C object CMakeFiles/cmTC_ff04f.dir/feature_tests.c.o
/usr/bin/cc    -std=c90 -o CMakeFiles/cmTC_ff04f.dir/feature_tests.c.o   -c /autofs/netapp/travail/awolski/M2_S9/SyntImage/tp1/build-sia_td1-Desktop-Défaut/CMakeFiles/feature_tests.c
Linking C executable cmTC_ff04f
/usr/bin/cmake -E cmake_link_script CMakeFiles/cmTC_ff04f.dir/link.txt --verbose=1
/usr/bin/cc       CMakeFiles/cmTC_ff04f.dir/feature_tests.c.o  -o cmTC_ff04f -rdynamic 
make[1] : on quitte le répertoire « /autofs/netapp/travail/awolski/M2_S9/SyntImage/tp1/build-sia_td1-Desktop-Défaut/CMakeFiles/CMakeTmp »


    Feature record: C_FEATURE:1c_function_prototypes
    Feature record: C_FEATURE:0c_restrict
    Feature record: C_FEATURE:0c_static_assert
    Feature record: C_FEATURE:0c_variadic_macros
Determining if the CXX compiler works passed with the following output:
Change Dir: /autofs/netapp/travail/awolski/M2_S9/SyntImage/tp1/build-sia_td1-Desktop-Défaut/CMakeFiles/CMakeTmp

Run Build Command:"/usr/bin/make" "cmTC_fd611/fast"
/usr/bin/make -f CMakeFiles/cmTC_fd611.dir/build.make CMakeFiles/cmTC_fd611.dir/build
make[1] : on entre dans le répertoire « /autofs/netapp/travail/awolski/M2_S9/SyntImage/tp1/build-sia_td1-Desktop-Défaut/CMakeFiles/CMakeTmp »
Building CXX object CMakeFiles/cmTC_fd611.dir/testCXXCompiler.cxx.o
/usr/bin/g++      -o CMakeFiles/cmTC_fd611.dir/testCXXCompiler.cxx.o -c /autofs/netapp/travail/awolski/M2_S9/SyntImage/tp1/build-sia_td1-Desktop-Défaut/CMakeFiles/CMakeTmp/testCXXCompiler.cxx
Linking CXX executable cmTC_fd611
/usr/bin/cmake -E cmake_link_script CMakeFiles/cmTC_fd611.dir/link.txt --verbose=1
/usr/bin/g++        CMakeFiles/cmTC_fd611.dir/testCXXCompiler.cxx.o  -o cmTC_fd611 -rdynamic 
make[1] : on quitte le répertoire « /autofs/netapp/travail/awolski/M2_S9/SyntImage/tp1/build-sia_td1-Desktop-Défaut/CMakeFiles/CMakeTmp »


Detecting CXX compiler ABI info compiled with the following output:
Change Dir: /autofs/netapp/travail/awolski/M2_S9/SyntImage/tp1/build-sia_td1-Desktop-Défaut/CMakeFiles/CMakeTmp

Run Build Command:"/usr/bin/make" "cmTC_e1ee2/fast"
/usr/bin/make -f CMakeFiles/cmTC_e1ee2.dir/build.make CMakeFiles/cmTC_e1ee2.dir/build
make[1] : on entre dans le répertoire « /autofs/netapp/travail/awolski/M2_S9/SyntImage/tp1/build-sia_td1-Desktop-Défaut/CMakeFiles/CMakeTmp »
Building CXX object CMakeFiles/cmTC_e1ee2.dir/CMakeCXXCompilerABI.cpp.o
/usr/bin/g++      -o CMakeFiles/cmTC_e1ee2.dir/CMakeCXXCompilerABI.cpp.o -c /usr/share/cmake-3.7/Modules/CMakeCXXCompilerABI.cpp
Linking CXX executable cmTC_e1ee2
/usr/bin/cmake -E cmake_link_script CMakeFiles/cmTC_e1ee2.dir/link.txt --verbose=1
/usr/bin/g++       -v CMakeFiles/cmTC_e1ee2.dir/CMakeCXXCompilerABI.cpp.o  -o cmTC_e1ee2 -rdynamic  
Using built-in specs.
COLLECT_GCC=/usr/bin/g++
COLLECT_LTO_WRAPPER=/usr/lib/gcc/x86_64-linux-gnu/6/lto-wrapper
Target: x86_64-linux-gnu
Configured with: ../src/configure -v --with-pkgversion='Debian 6.3.0-18' --with-bugurl=file:///usr/share/doc/gcc-6/README.Bugs --enable-languages=c,ada,c++,java,go,d,fortran,objc,obj-c++ --prefix=/usr --program-suffix=-6 --program-prefix=x86_64-linux-gnu- --enable-shared --enable-linker-build-id --libexecdir=/usr/lib --without-included-gettext --enable-threads=posix --libdir=/usr/lib --enable-nls --with-sysroot=/ --enable-clocale=gnu --enable-libstdcxx-debug --enable-libstdcxx-time=yes --with-default-libstdcxx-abi=new --enable-gnu-unique-object --disable-vtable-verify --enable-libmpx --enable-plugin --enable-default-pie --with-system-zlib --disable-browser-plugin --enable-java-awt=gtk --enable-gtk-cairo --with-java-home=/usr/lib/jvm/java-1.5.0-gcj-6-amd64/jre --enable-java-home --with-jvm-root-dir=/usr/lib/jvm/java-1.5.0-gcj-6-amd64 --with-jvm-jar-dir=/usr/lib/jvm-exports/java-1.5.0-gcj-6-amd64 --with-arch-directory=amd64 --with-ecj-jar=/usr/share/java/eclipse-ecj.jar --with-target-system-zlib --enable-objc-gc=auto --enable-multiarch --with-arch-32=i686 --with-abi=m64 --with-multilib-list=m32,m64,mx32 --enable-multilib --with-tune=generic --enable-checking=release --build=x86_64-linux-gnu --host=x86_64-linux-gnu --target=x86_64-linux-gnu
Thread model: posix
gcc version 6.3.0 20170516 (Debian 6.3.0-18) 
COMPILER_PATH=/usr/lib/gcc/x86_64-linux-gnu/6/:/usr/lib/gcc/x86_64-linux-gnu/6/:/usr/lib/gcc/x86_64-linux-gnu/:/usr/lib/gcc/x86_64-linux-gnu/6/:/usr/lib/gcc/x86_64-linux-gnu/
LIBRARY_PATH=/usr/lib/gcc/x86_64-linux-gnu/6/:/usr/lib/gcc/x86_64-linux-gnu/6/../../../x86_64-linux-gnu/:/usr/lib/gcc/x86_64-linux-gnu/6/../../../../lib/:/lib/x86_64-linux-gnu/:/lib/../lib/:/usr/lib/x86_64-linux-gnu/:/usr/lib/../lib/:/usr/lib/gcc/x86_64-linux-gnu/6/../../../:/lib/:/usr/lib/
COLLECT_GCC_OPTIONS='-v' '-o' 'cmTC_e1ee2' '-rdynamic' '-shared-libgcc' '-mtune=generic' '-march=x86-64'
 /usr/lib/gcc/x86_64-linux-gnu/6/collect2 -plugin /usr/lib/gcc/x86_64-linux-gnu/6/liblto_plugin.so -plugin-opt=/usr/lib/gcc/x86_64-linux-gnu/6/lto-wrapper -plugin-opt=-fresolution=/tmp/cache-awolski/ccYsT86q.res -plugin-opt=-pass-through=-lgcc_s -plugin-opt=-pass-through=-lgcc -plugin-opt=-pass-through=-lc -plugin-opt=-pass-through=-lgcc_s -plugin-opt=-pass-through=-lgcc --sysroot=/ --build-id --eh-frame-hdr -m elf_x86_64 --hash-style=gnu -export-dynamic -dynamic-linker /lib64/ld-linux-x86-64.so.2 -pie -o cmTC_e1ee2 /usr/lib/gcc/x86_64-linux-gnu/6/../../../x86_64-linux-gnu/Scrt1.o /usr/lib/gcc/x86_64-linux-gnu/6/../../../x86_64-linux-gnu/crti.o /usr/lib/gcc/x86_64-linux-gnu/6/crtbeginS.o -L/usr/lib/gcc/x86_64-linux-gnu/6 -L/usr/lib/gcc/x86_64-linux-gnu/6/../../../x86_64-linux-gnu -L/usr/lib/gcc/x86_64-linux-gnu/6/../../../../lib -L/lib/x86_64-linux-gnu -L/lib/../lib -L/usr/lib/x86_64-linux-gnu -L/usr/lib/../lib -L/usr/lib/gcc/x86_64-linux-gnu/6/../../.. CMakeFiles/cmTC_e1ee2.dir/CMakeCXXCompilerABI.cpp.o -lstdc++ -lm -lgcc_s -lgcc -lc -lgcc_s -lgcc /usr/lib/gcc/x86_64-linux-gnu/6/crtendS.o /usr/lib/gcc/x86_64-linux-gnu/6/../../../x86_64-linux-gnu/crtn.o
COLLECT_GCC_OPTIONS='-v' '-o' 'cmTC_e1ee2' '-rdynamic' '-shared-libgcc' '-mtune=generic' '-march=x86-64'
make[1] : on quitte le répertoire « /autofs/netapp/travail/awolski/M2_S9/SyntImage/tp1/build-sia_td1-Desktop-Défaut/CMakeFiles/CMakeTmp »


Parsed CXX implicit link information from above output:
  link line regex: [^( *|.*[/\])(ld|([^/\]+-)?ld|collect2)[^/\]*( |$)]
  ignore line: [Change Dir: /autofs/netapp/travail/awolski/M2_S9/SyntImage/tp1/build-sia_td1-Desktop-Défaut/CMakeFiles/CMakeTmp]
  ignore line: []
  ignore line: [Run Build Command:"/usr/bin/make" "cmTC_e1ee2/fast"]
  ignore line: [/usr/bin/make -f CMakeFiles/cmTC_e1ee2.dir/build.make CMakeFiles/cmTC_e1ee2.dir/build]
  ignore line: [make[1] : on entre dans le répertoire « /autofs/netapp/travail/awolski/M2_S9/SyntImage/tp1/build-sia_td1-Desktop-Défaut/CMakeFiles/CMakeTmp »]
  ignore line: [Building CXX object CMakeFiles/cmTC_e1ee2.dir/CMakeCXXCompilerABI.cpp.o]
  ignore line: [/usr/bin/g++      -o CMakeFiles/cmTC_e1ee2.dir/CMakeCXXCompilerABI.cpp.o -c /usr/share/cmake-3.7/Modules/CMakeCXXCompilerABI.cpp]
  ignore line: [Linking CXX executable cmTC_e1ee2]
  ignore line: [/usr/bin/cmake -E cmake_link_script CMakeFiles/cmTC_e1ee2.dir/link.txt --verbose=1]
  ignore line: [/usr/bin/g++       -v CMakeFiles/cmTC_e1ee2.dir/CMakeCXXCompilerABI.cpp.o  -o cmTC_e1ee2 -rdynamic  ]
  ignore line: [Using built-in specs.]
  ignore line: [COLLECT_GCC=/usr/bin/g++]
  ignore line: [COLLECT_LTO_WRAPPER=/usr/lib/gcc/x86_64-linux-gnu/6/lto-wrapper]
  ignore line: [Target: x86_64-linux-gnu]
  ignore line: [Configured with: ../src/configure -v --with-pkgversion='Debian 6.3.0-18' --with-bugurl=file:///usr/share/doc/gcc-6/README.Bugs --enable-languages=c,ada,c++,java,go,d,fortran,objc,obj-c++ --prefix=/usr --program-suffix=-6 --program-prefix=x86_64-linux-gnu- --enable-shared --enable-linker-build-id --libexecdir=/usr/lib --without-included-gettext --enable-threads=posix --libdir=/usr/lib --enable-nls --with-sysroot=/ --enable-clocale=gnu --enable-libstdcxx-debug --enable-libstdcxx-time=yes --with-default-libstdcxx-abi=new --enable-gnu-unique-object --disable-vtable-verify --enable-libmpx --enable-plugin --enable-default-pie --with-system-zlib --disable-browser-plugin --enable-java-awt=gtk --enable-gtk-cairo --with-java-home=/usr/lib/jvm/java-1.5.0-gcj-6-amd64/jre --enable-java-home --with-jvm-root-dir=/usr/lib/jvm/java-1.5.0-gcj-6-amd64 --with-jvm-jar-dir=/usr/lib/jvm-exports/java-1.5.0-gcj-6-amd64 --with-arch-directory=amd64 --with-ecj-jar=/usr/share/java/eclipse-ecj.jar --with-target-system-zlib --enable-objc-gc=auto --enable-multiarch --with-arch-32=i686 --with-abi=m64 --with-multilib-list=m32,m64,mx32 --enable-multilib --with-tune=generic --enable-checking=release --build=x86_64-linux-gnu --host=x86_64-linux-gnu --target=x86_64-linux-gnu]
  ignore line: [Thread model: posix]
  ignore line: [gcc version 6.3.0 20170516 (Debian 6.3.0-18) ]
  ignore line: [COMPILER_PATH=/usr/lib/gcc/x86_64-linux-gnu/6/:/usr/lib/gcc/x86_64-linux-gnu/6/:/usr/lib/gcc/x86_64-linux-gnu/:/usr/lib/gcc/x86_64-linux-gnu/6/:/usr/lib/gcc/x86_64-linux-gnu/]
  ignore line: [LIBRARY_PATH=/usr/lib/gcc/x86_64-linux-gnu/6/:/usr/lib/gcc/x86_64-linux-gnu/6/../../../x86_64-linux-gnu/:/usr/lib/gcc/x86_64-linux-gnu/6/../../../../lib/:/lib/x86_64-linux-gnu/:/lib/../lib/:/usr/lib/x86_64-linux-gnu/:/usr/lib/../lib/:/usr/lib/gcc/x86_64-linux-gnu/6/../../../:/lib/:/usr/lib/]
  ignore line: [COLLECT_GCC_OPTIONS='-v' '-o' 'cmTC_e1ee2' '-rdynamic' '-shared-libgcc' '-mtune=generic' '-march=x86-64']
  link line: [ /usr/lib/gcc/x86_64-linux-gnu/6/collect2 -plugin /usr/lib/gcc/x86_64-linux-gnu/6/liblto_plugin.so -plugin-opt=/usr/lib/gcc/x86_64-linux-gnu/6/lto-wrapper -plugin-opt=-fresolution=/tmp/cache-awolski/ccYsT86q.res -plugin-opt=-pass-through=-lgcc_s -plugin-opt=-pass-through=-lgcc -plugin-opt=-pass-through=-lc -plugin-opt=-pass-through=-lgcc_s -plugin-opt=-pass-through=-lgcc --sysroot=/ --build-id --eh-frame-hdr -m elf_x86_64 --hash-style=gnu -export-dynamic -dynamic-linker /lib64/ld-linux-x86-64.so.2 -pie -o cmTC_e1ee2 /usr/lib/gcc/x86_64-linux-gnu/6/../../../x86_64-linux-gnu/Scrt1.o /usr/lib/gcc/x86_64-linux-gnu/6/../../../x86_64-linux-gnu/crti.o /usr/lib/gcc/x86_64-linux-gnu/6/crtbeginS.o -L/usr/lib/gcc/x86_64-linux-gnu/6 -L/usr/lib/gcc/x86_64-linux-gnu/6/../../../x86_64-linux-gnu -L/usr/lib/gcc/x86_64-linux-gnu/6/../../../../lib -L/lib/x86_64-linux-gnu -L/lib/../lib -L/usr/lib/x86_64-linux-gnu -L/usr/lib/../lib -L/usr/lib/gcc/x86_64-linux-gnu/6/../../.. CMakeFiles/cmTC_e1ee2.dir/CMakeCXXCompilerABI.cpp.o -lstdc++ -lm -lgcc_s -lgcc -lc -lgcc_s -lgcc /usr/lib/gcc/x86_64-linux-gnu/6/crtendS.o /usr/lib/gcc/x86_64-linux-gnu/6/../../../x86_64-linux-gnu/crtn.o]
    arg [/usr/lib/gcc/x86_64-linux-gnu/6/collect2] ==> ignore
    arg [-plugin] ==> ignore
    arg [/usr/lib/gcc/x86_64-linux-gnu/6/liblto_plugin.so] ==> ignore
    arg [-plugin-opt=/usr/lib/gcc/x86_64-linux-gnu/6/lto-wrapper] ==> ignore
    arg [-plugin-opt=-fresolution=/tmp/cache-awolski/ccYsT86q.res] ==> ignore
    arg [-plugin-opt=-pass-through=-lgcc_s] ==> ignore
    arg [-plugin-opt=-pass-through=-lgcc] ==> ignore
    arg [-plugin-opt=-pass-through=-lc] ==> ignore
    arg [-plugin-opt=-pass-through=-lgcc_s] ==> ignore
    arg [-plugin-opt=-pass-through=-lgcc] ==> ignore
    arg [--sysroot=/] ==> ignore
    arg [--build-id] ==> ignore
    arg [--eh-frame-hdr] ==> ignore
    arg [-m] ==> ignore
    arg [elf_x86_64] ==> ignore
    arg [--hash-style=gnu] ==> ignore
    arg [-export-dynamic] ==> ignore
    arg [-dynamic-linker] ==> ignore
    arg [/lib64/ld-linux-x86-64.so.2] ==> ignore
    arg [-pie] ==> ignore
    arg [-o] ==> ignore
    arg [cmTC_e1ee2] ==> ignore
    arg [/usr/lib/gcc/x86_64-linux-gnu/6/../../../x86_64-linux-gnu/Scrt1.o] ==> ignore
    arg [/usr/lib/gcc/x86_64-linux-gnu/6/../../../x86_64-linux-gnu/crti.o] ==> ignore
    arg [/usr/lib/gcc/x86_64-linux-gnu/6/crtbeginS.o] ==> ignore
    arg [-L/usr/lib/gcc/x86_64-linux-gnu/6] ==> dir [/usr/lib/gcc/x86_64-linux-gnu/6]
    arg [-L/usr/lib/gcc/x86_64-linux-gnu/6/../../../x86_64-linux-gnu] ==> dir [/usr/lib/gcc/x86_64-linux-gnu/6/../../../x86_64-linux-gnu]
    arg [-L/usr/lib/gcc/x86_64-linux-gnu/6/../../../../lib] ==> dir [/usr/lib/gcc/x86_64-linux-gnu/6/../../../../lib]
    arg [-L/lib/x86_64-linux-gnu] ==> dir [/lib/x86_64-linux-gnu]
    arg [-L/lib/../lib] ==> dir [/lib/../lib]
    arg [-L/usr/lib/x86_64-linux-gnu] ==> dir [/usr/lib/x86_64-linux-gnu]
    arg [-L/usr/lib/../lib] ==> dir [/usr/lib/../lib]
    arg [-L/usr/lib/gcc/x86_64-linux-gnu/6/../../..] ==> dir [/usr/lib/gcc/x86_64-linux-gnu/6/../../..]
    arg [CMakeFiles/cmTC_e1ee2.dir/CMakeCXXCompilerABI.cpp.o] ==> ignore
    arg [-lstdc++] ==> lib [stdc++]
    arg [-lm] ==> lib [m]
    arg [-lgcc_s] ==> lib [gcc_s]
    arg [-lgcc] ==> lib [gcc]
    arg [-lc] ==> lib [c]
    arg [-lgcc_s] ==> lib [gcc_s]
    arg [-lgcc] ==> lib [gcc]
    arg [/usr/lib/gcc/x86_64-linux-gnu/6/crtendS.o] ==> ignore
    arg [/usr/lib/gcc/x86_64-linux-gnu/6/../../../x86_64-linux-gnu/crtn.o] ==> ignore
  remove lib [gcc_s]
  remove lib [gcc]
  remove lib [gcc_s]
  remove lib [gcc]
  collapse library dir [/usr/lib/gcc/x86_64-linux-gnu/6] ==> [/usr/lib/gcc/x86_64-linux-gnu/6]
  collapse library dir [/usr/lib/gcc/x86_64-linux-gnu/6/../../../x86_64-linux-gnu] ==> [/usr/lib/x86_64-linux-gnu]
  collapse library dir [/usr/lib/gcc/x86_64-linux-gnu/6/../../../../lib] ==> [/usr/lib]
  collapse library dir [/lib/x86_64-linux-gnu] ==> [/lib/x86_64-linux-gnu]
  collapse library dir [/lib/../lib] ==> [/lib]
  collapse library dir [/usr/lib/x86_64-linux-gnu] ==> [/usr/lib/x86_64-linux-gnu]
  collapse library dir [/usr/lib/../lib] ==> [/usr/lib]
  collapse library dir [/usr/lib/gcc/x86_64-linux-gnu/6/../../..] ==> [/usr/lib]
  implicit libs: [stdc++;m;c]
  implicit dirs: [/usr/lib/gcc/x86_64-linux-gnu/6;/usr/lib/x86_64-linux-gnu;/usr/lib;/lib/x86_64-linux-gnu;/lib]
  implicit fwks: []




Detecting CXX [-std=c++14] compiler features compiled with the following output:
Change Dir: /autofs/netapp/travail/awolski/M2_S9/SyntImage/tp1/build-sia_td1-Desktop-Défaut/CMakeFiles/CMakeTmp

Run Build Command:"/usr/bin/make" "cmTC_d592a/fast"
/usr/bin/make -f CMakeFiles/cmTC_d592a.dir/build.make CMakeFiles/cmTC_d592a.dir/build
make[1] : on entre dans le répertoire « /autofs/netapp/travail/awolski/M2_S9/SyntImage/tp1/build-sia_td1-Desktop-Défaut/CMakeFiles/CMakeTmp »
Building CXX object CMakeFiles/cmTC_d592a.dir/feature_tests.cxx.o
/usr/bin/g++     -std=c++14 -o CMakeFiles/cmTC_d592a.dir/feature_tests.cxx.o -c /autofs/netapp/travail/awolski/M2_S9/SyntImage/tp1/build-sia_td1-Desktop-Défaut/CMakeFiles/feature_tests.cxx
Linking CXX executable cmTC_d592a
/usr/bin/cmake -E cmake_link_script CMakeFiles/cmTC_d592a.dir/link.txt --verbose=1
/usr/bin/g++        CMakeFiles/cmTC_d592a.dir/feature_tests.cxx.o  -o cmTC_d592a -rdynamic 
make[1] : on quitte le répertoire « /autofs/netapp/travail/awolski/M2_S9/SyntImage/tp1/build-sia_td1-Desktop-Défaut/CMakeFiles/CMakeTmp »


    Feature record: CXX_FEATURE:1cxx_aggregate_default_initializers
    Feature record: CXX_FEATURE:1cxx_alias_templates
    Feature record: CXX_FEATURE:1cxx_alignas
    Feature record: CXX_FEATURE:1cxx_alignof
    Feature record: CXX_FEATURE:1cxx_attributes
    Feature record: CXX_FEATURE:1cxx_attribute_deprecated
    Feature record: CXX_FEATURE:1cxx_auto_type
    Feature record: CXX_FEATURE:1cxx_binary_literals
    Feature record: CXX_FEATURE:1cxx_constexpr
    Feature record: CXX_FEATURE:1cxx_contextual_conversions
    Feature record: CXX_FEATURE:1cxx_decltype
    Feature record: CXX_FEATURE:1cxx_decltype_auto
    Feature record: CXX_FEATURE:1cxx_decltype_incomplete_return_types
    Feature record: CXX_FEATURE:1cxx_default_function_template_args
    Feature record: CXX_FEATURE:1cxx_defaulted_functions
    Feature record: CXX_FEATURE:1cxx_defaulted_move_initializers
    Feature record: CXX_FEATURE:1cxx_delegating_constructors
    Feature record: CXX_FEATURE:1cxx_deleted_functions
    Feature record: CXX_FEATURE:1cxx_digit_separators
    Feature record: CXX_FEATURE:1cxx_enum_forward_declarations
    Feature record: CXX_FEATURE:1cxx_explicit_conversions
    Feature record: CXX_FEATURE:1cxx_extended_friend_declarations
    Feature record: CXX_FEATURE:1cxx_extern_templates
    Feature record: CXX_FEATURE:1cxx_final
    Feature record: CXX_FEATURE:1cxx_func_identifier
    Feature record: CXX_FEATURE:1cxx_generalized_initializers
    Feature record: CXX_FEATURE:1cxx_generic_lambdas
    Feature record: CXX_FEATURE:1cxx_inheriting_constructors
    Feature record: CXX_FEATURE:1cxx_inline_namespaces
    Feature record: CXX_FEATURE:1cxx_lambdas
    Feature record: CXX_FEATURE:1cxx_lambda_init_captures
    Feature record: CXX_FEATURE:1cxx_local_type_template_args
    Feature record: CXX_FEATURE:1cxx_long_long_type
    Feature record: CXX_FEATURE:1cxx_noexcept
    Feature record: CXX_FEATURE:1cxx_nonstatic_member_init
    Feature record: CXX_FEATURE:1cxx_nullptr
    Feature record: CXX_FEATURE:1cxx_override
    Feature record: CXX_FEATURE:1cxx_range_for
    Feature record: CXX_FEATURE:1cxx_raw_string_literals
    Feature record: CXX_FEATURE:1cxx_reference_qualified_functions
    Feature record: CXX_FEATURE:1cxx_relaxed_constexpr
    Feature record: CXX_FEATURE:1cxx_return_type_deduction
    Feature record: CXX_FEATURE:1cxx_right_angle_brackets
    Feature record: CXX_FEATURE:1cxx_rvalue_references
    Feature record: CXX_FEATURE:1cxx_sizeof_member
    Feature record: CXX_FEATURE:1cxx_static_assert
    Feature record: CXX_FEATURE:1cxx_strong_enums
    Feature record: CXX_FEATURE:1cxx_template_template_parameters
    Feature record: CXX_FEATURE:1cxx_thread_local
    Feature record: CXX_FEATURE:1cxx_trailing_return_types
    Feature record: CXX_FEATURE:1cxx_unicode_literals
    Feature record: CXX_FEATURE:1cxx_uniform_initialization
    Feature record: CXX_FEATURE:1cxx_unrestricted_unions
    Feature record: CXX_FEATURE:1cxx_user_literals
    Feature record: CXX_FEATURE:1cxx_variable_templates
    Feature record: CXX_FEATURE:1cxx_variadic_macros
    Feature record: CXX_FEATURE:1cxx_variadic_templates


Detecting CXX [-std=c++11] compiler features compiled with the following output:
Change Dir: /autofs/netapp/travail/awolski/M2_S9/SyntImage/tp1/build-sia_td1-Desktop-Défaut/CMakeFiles/CMakeTmp

Run Build Command:"/usr/bin/make" "cmTC_054d1/fast"
/usr/bin/make -f CMakeFiles/cmTC_054d1.dir/build.make CMakeFiles/cmTC_054d1.dir/build
make[1] : on entre dans le répertoire « /autofs/netapp/travail/awolski/M2_S9/SyntImage/tp1/build-sia_td1-Desktop-Défaut/CMakeFiles/CMakeTmp »
Building CXX object CMakeFiles/cmTC_054d1.dir/feature_tests.cxx.o
/usr/bin/g++     -std=c++11 -o CMakeFiles/cmTC_054d1.dir/feature_tests.cxx.o -c /autofs/netapp/travail/awolski/M2_S9/SyntImage/tp1/build-sia_td1-Desktop-Défaut/CMakeFiles/feature_tests.cxx
Linking CXX executable cmTC_054d1
/usr/bin/cmake -E cmake_link_script CMakeFiles/cmTC_054d1.dir/link.txt --verbose=1
/usr/bin/g++        CMakeFiles/cmTC_054d1.dir/feature_tests.cxx.o  -o cmTC_054d1 -rdynamic 
make[1] : on quitte le répertoire « /autofs/netapp/travail/awolski/M2_S9/SyntImage/tp1/build-sia_td1-Desktop-Défaut/CMakeFiles/CMakeTmp »


    Feature record: CXX_FEATURE:0cxx_aggregate_default_initializers
    Feature record: CXX_FEATURE:1cxx_alias_templates
    Feature record: CXX_FEATURE:1cxx_alignas
    Feature record: CXX_FEATURE:1cxx_alignof
    Feature record: CXX_FEATURE:1cxx_attributes
    Feature record: CXX_FEATURE:0cxx_attribute_deprecated
    Feature record: CXX_FEATURE:1cxx_auto_type
    Feature record: CXX_FEATURE:0cxx_binary_literals
    Feature record: CXX_FEATURE:1cxx_constexpr
    Feature record: CXX_FEATURE:0cxx_contextual_conversions
    Feature record: CXX_FEATURE:1cxx_decltype
    Feature record: CXX_FEATURE:0cxx_decltype_auto
    Feature record: CXX_FEATURE:1cxx_decltype_incomplete_return_types
    Feature record: CXX_FEATURE:1cxx_default_function_template_args
    Feature record: CXX_FEATURE:1cxx_defaulted_functions
    Feature record: CXX_FEATURE:1cxx_defaulted_move_initializers
    Feature record: CXX_FEATURE:1cxx_delegating_constructors
    Feature record: CXX_FEATURE:1cxx_deleted_functions
    Feature record: CXX_FEATURE:0cxx_digit_separators
    Feature record: CXX_FEATURE:1cxx_enum_forward_declarations
    Feature record: CXX_FEATURE:1cxx_explicit_conversions
    Feature record: CXX_FEATURE:1cxx_extended_friend_declarations
    Feature record: CXX_FEATURE:1cxx_extern_templates
    Feature record: CXX_FEATURE:1cxx_final
    Feature record: CXX_FEATURE:1cxx_func_identifier
    Feature record: CXX_FEATURE:1cxx_generalized_initializers
    Feature record: CXX_FEATURE:0cxx_generic_lambdas
    Feature record: CXX_FEATURE:1cxx_inheriting_constructors
    Feature record: CXX_FEATURE:1cxx_inline_namespaces
    Feature record: CXX_FEATURE:1cxx_lambdas
    Feature record: CXX_FEATURE:0cxx_lambda_init_captures
    Feature record: CXX_FEATURE:1cxx_local_type_template_args
    Feature record: CXX_FEATURE:1cxx_long_long_type
    Feature record: CXX_FEATURE:1cxx_noexcept
    Feature record: CXX_FEATURE:1cxx_nonstatic_member_init
    Feature record: CXX_FEATURE:1cxx_nullptr
    Feature record: CXX_FEATURE:1cxx_override
    Feature record: CXX_FEATURE:1cxx_range_for
    Feature record: CXX_FEATURE:1cxx_raw_string_literals
    Feature record: CXX_FEATURE:1cxx_reference_qualified_functions
    Feature record: CXX_FEATURE:0cxx_relaxed_constexpr
    Feature record: CXX_FEATURE:0cxx_return_type_deduction
    Feature record: CXX_FEATURE:1cxx_right_angle_brackets
    Feature record: CXX_FEATURE:1cxx_rvalue_references
    Feature record: CXX_FEATURE:1cxx_sizeof_member
    Feature record: CXX_FEATURE:1cxx_static_assert
    Feature record: CXX_FEATURE:1cxx_strong_enums
    Feature record: CXX_FEATURE:1cxx_template_template_parameters
    Feature record: CXX_FEATURE:1cxx_thread_local
    Feature record: CXX_FEATURE:1cxx_trailing_return_types
    Feature record: CXX_FEATURE:1cxx_unicode_literals
    Feature record: CXX_FEATURE:1cxx_uniform_initialization
    Feature record: CXX_FEATURE:1cxx_unrestricted_unions
    Feature record: CXX_FEATURE:1cxx_user_literals
    Feature record: CXX_FEATURE:0cxx_variable_templates
    Feature record: CXX_FEATURE:1cxx_variadic_macros
    Feature record: CXX_FEATURE:1cxx_variadic_templates


Detecting CXX [-std=c++98] compiler features compiled with the following output:
Change Dir: /autofs/netapp/travail/awolski/M2_S9/SyntImage/tp1/build-sia_td1-Desktop-Défaut/CMakeFiles/CMakeTmp

Run Build Command:"/usr/bin/make" "cmTC_f7dac/fast"
/usr/bin/make -f CMakeFiles/cmTC_f7dac.dir/build.make CMakeFiles/cmTC_f7dac.dir/build
make[1] : on entre dans le répertoire « /autofs/netapp/travail/awolski/M2_S9/SyntImage/tp1/build-sia_td1-Desktop-Défaut/CMakeFiles/CMakeTmp »
Building CXX object CMakeFiles/cmTC_f7dac.dir/feature_tests.cxx.o
/usr/bin/g++     -std=c++98 -o CMakeFiles/cmTC_f7dac.dir/feature_tests.cxx.o -c /autofs/netapp/travail/awolski/M2_S9/SyntImage/tp1/build-sia_td1-Desktop-Défaut/CMakeFiles/feature_tests.cxx
Linking CXX executable cmTC_f7dac
/usr/bin/cmake -E cmake_link_script CMakeFiles/cmTC_f7dac.dir/link.txt --verbose=1
/usr/bin/g++        CMakeFiles/cmTC_f7dac.dir/feature_tests.cxx.o  -o cmTC_f7dac -rdynamic 
make[1] : on quitte le répertoire « /autofs/netapp/travail/awolski/M2_S9/SyntImage/tp1/build-sia_td1-Desktop-Défaut/CMakeFiles/CMakeTmp »


    Feature record: CXX_FEATURE:0cxx_aggregate_default_initializers
    Feature record: CXX_FEATURE:0cxx_alias_templates
    Feature record: CXX_FEATURE:0cxx_alignas
    Feature record: CXX_FEATURE:0cxx_alignof
    Feature record: CXX_FEATURE:0cxx_attributes
    Feature record: CXX_FEATURE:0cxx_attribute_deprecated
    Feature record: CXX_FEATURE:0cxx_auto_type
    Feature record: CXX_FEATURE:0cxx_binary_literals
    Feature record: CXX_FEATURE:0cxx_constexpr
    Feature record: CXX_FEATURE:0cxx_contextual_conversions
    Feature record: CXX_FEATURE:0cxx_decltype
    Feature record: CXX_FEATURE:0cxx_decltype_auto
    Feature record: CXX_FEATURE:0cxx_decltype_incomplete_return_types
    Feature record: CXX_FEATURE:0cxx_default_function_template_args
    Feature record: CXX_FEATURE:0cxx_defaulted_functions
    Feature record: CXX_FEATURE:0cxx_defaulted_move_initializers
    Feature record: CXX_FEATURE:0cxx_delegating_constructors
    Feature record: CXX_FEATURE:0cxx_deleted_functions
    Feature record: CXX_FEATURE:0cxx_digit_separators
    Feature record: CXX_FEATURE:0cxx_enum_forward_declarations
    Feature record: CXX_FEATURE:0cxx_explicit_conversions
    Feature record: CXX_FEATURE:0cxx_extended_friend_declarations
    Feature record: CXX_FEATURE:0cxx_extern_templates
    Feature record: CXX_FEATURE:0cxx_final
    Feature record: CXX_FEATURE:0cxx_func_identifier
    Feature record: CXX_FEATURE:0cxx_generalized_initializers
    Feature record: CXX_FEATURE:0cxx_generic_lambdas
    Feature record: CXX_FEATURE:0cxx_inheriting_constructors
    Feature record: CXX_FEATURE:0cxx_inline_namespaces
    Feature record: CXX_FEATURE:0cxx_lambdas
    Feature record: CXX_FEATURE:0cxx_lambda_init_captures
    Feature record: CXX_FEATURE:0cxx_local_type_template_args
    Feature record: CXX_FEATURE:0cxx_long_long_type
    Feature record: CXX_FEATURE:0cxx_noexcept
    Feature record: CXX_FEATURE:0cxx_nonstatic_member_init
    Feature record: CXX_FEATURE:0cxx_nullptr
    Feature record: CXX_FEATURE:0cxx_override
    Feature record: CXX_FEATURE:0cxx_range_for
    Feature record: CXX_FEATURE:0cxx_raw_string_literals
    Feature record: CXX_FEATURE:0cxx_reference_qualified_functions
    Feature record: CXX_FEATURE:0cxx_relaxed_constexpr
    Feature record: CXX_FEATURE:0cxx_return_type_deduction
    Feature record: CXX_FEATURE:0cxx_right_angle_brackets
    Feature record: CXX_FEATURE:0cxx_rvalue_references
    Feature record: CXX_FEATURE:0cxx_sizeof_member
    Feature record: CXX_FEATURE:0cxx_static_assert
    Feature record: CXX_FEATURE:0cxx_strong_enums
    Feature record: CXX_FEATURE:1cxx_template_template_parameters
    Feature record: CXX_FEATURE:0cxx_thread_local
    Feature record: CXX_FEATURE:0cxx_trailing_return_types
    Feature record: CXX_FEATURE:0cxx_unicode_literals
    Feature record: CXX_FEATURE:0cxx_uniform_initialization
    Feature record: CXX_FEATURE:0cxx_unrestricted_unions
    Feature record: CXX_FEATURE:0cxx_user_literals
    Feature record: CXX_FEATURE:0cxx_variable_templates
    Feature record: CXX_FEATURE:0cxx_variadic_macros
    Feature record: CXX_FEATURE:0cxx_variadic_templates
Performing C++ SOURCE FILE Test HAS_CPP14_FLAG succeeded with the following output:
Change Dir: /autofs/netapp/travail/awolski/M2_S9/SyntImage/tp1/build-sia_td1-Desktop-Défaut/CMakeFiles/CMakeTmp

Run Build Command:"/usr/bin/make" "cmTC_7f408/fast"
/usr/bin/make -f CMakeFiles/cmTC_7f408.dir/build.make CMakeFiles/cmTC_7f408.dir/build
make[1]: Entering directory '/autofs/netapp/travail/awolski/M2_S9/SyntImage/tp1/build-sia_td1-Desktop-Défaut/CMakeFiles/CMakeTmp'
Building CXX object CMakeFiles/cmTC_7f408.dir/src.cxx.o
/usr/bin/g++     -DHAS_CPP14_FLAG   -std=c++14 -o CMakeFiles/cmTC_7f408.dir/src.cxx.o -c /autofs/netapp/travail/awolski/M2_S9/SyntImage/tp1/build-sia_td1-Desktop-Défaut/CMakeFiles/CMakeTmp/src.cxx
Linking CXX executable cmTC_7f408
/usr/bin/cmake -E cmake_link_script CMakeFiles/cmTC_7f408.dir/link.txt --verbose=1
/usr/bin/g++    -DHAS_CPP14_FLAG    CMakeFiles/cmTC_7f408.dir/src.cxx.o  -o cmTC_7f408 -rdynamic 
make[1]: Leaving directory '/autofs/netapp/travail/awolski/M2_S9/SyntImage/tp1/build-sia_td1-Desktop-Défaut/CMakeFiles/CMakeTmp'

Source file was:
int main() { return 0; }
Performing C++ SOURCE FILE Test HAS_CPP11_FLAG succeeded with the following output:
Change Dir: /autofs/netapp/travail/awolski/M2_S9/SyntImage/tp1/build-sia_td1-Desktop-Défaut/CMakeFiles/CMakeTmp

Run Build Command:"/usr/bin/make" "cmTC_d3088/fast"
/usr/bin/make -f CMakeFiles/cmTC_d3088.dir/build.make CMakeFiles/cmTC_d3088.dir/build
make[1]: Entering directory '/autofs/netapp/travail/awolski/M2_S9/SyntImage/tp1/build-sia_td1-Desktop-Défaut/CMakeFiles/CMakeTmp'
Building CXX object CMakeFiles/cmTC_d3088.dir/src.cxx.o
/usr/bin/g++     -DHAS_CPP11_FLAG   -std=c++11 -o CMakeFiles/cmTC_d3088.dir/src.cxx.o -c /autofs/netapp/travail/awolski/M2_S9/SyntImage/tp1/build-sia_td1-Desktop-Défaut/CMakeFiles/CMakeTmp/src.cxx
Linking CXX executable cmTC_d3088
/usr/bin/cmake -E cmake_link_script CMakeFiles/cmTC_d3088.dir/link.txt --verbose=1
/usr/bin/g++    -DHAS_CPP11_FLAG    CMakeFiles/cmTC_d3088.dir/src.cxx.o  -o cmTC_d3088 -rdynamic 
make[1]: Leaving directory '/autofs/netapp/travail/awolski/M2_S9/SyntImage/tp1/build-sia_td1-Desktop-Défaut/CMakeFiles/CMakeTmp'

Source file was:
int main() { return 0; }
Determining if the include file pthread.h exists passed with the following output:
Change Dir: /autofs/netapp/travail/awolski/M2_S9/SyntImage/tp1/build-sia_td1-Desktop-Défaut/CMakeFiles/CMakeTmp

Run Build Command:"/usr/bin/make" "cmTC_35d54/fast"
/usr/bin/make -f CMakeFiles/cmTC_35d54.dir/build.make CMakeFiles/cmTC_35d54.dir/build
make[1] : on entre dans le répertoire « /autofs/netapp/travail/awolski/M2_S9/SyntImage/tp1/build-sia_td1-Desktop-Défaut/CMakeFiles/CMakeTmp »
Building C object CMakeFiles/cmTC_35d54.dir/CheckIncludeFile.c.o
/usr/bin/cc     -o CMakeFiles/cmTC_35d54.dir/CheckIncludeFile.c.o   -c /autofs/netapp/travail/awolski/M2_S9/SyntImage/tp1/build-sia_td1-Desktop-Défaut/CMakeFiles/CMakeTmp/CheckIncludeFile.c
Linking C executable cmTC_35d54
/usr/bin/cmake -E cmake_link_script CMakeFiles/cmTC_35d54.dir/link.txt --verbose=1
/usr/bin/cc       CMakeFiles/cmTC_35d54.dir/CheckIncludeFile.c.o  -o cmTC_35d54 -rdynamic 
make[1] : on quitte le répertoire « /autofs/netapp/travail/awolski/M2_S9/SyntImage/tp1/build-sia_td1-Desktop-Défaut/CMakeFiles/CMakeTmp »


Determining if the function pthread_create exists in the pthread passed with the following output:
Change Dir: /autofs/netapp/travail/awolski/M2_S9/SyntImage/tp1/build-sia_td1-Desktop-Défaut/CMakeFiles/CMakeTmp

Run Build Command:"/usr/bin/make" "cmTC_a42e7/fast"
/usr/bin/make -f CMakeFiles/cmTC_a42e7.dir/build.make CMakeFiles/cmTC_a42e7.dir/build
make[1] : on entre dans le répertoire « /autofs/netapp/travail/awolski/M2_S9/SyntImage/tp1/build-sia_td1-Desktop-Défaut/CMakeFiles/CMakeTmp »
Building C object CMakeFiles/cmTC_a42e7.dir/CheckFunctionExists.c.o
/usr/bin/cc    -DCHECK_FUNCTION_EXISTS=pthread_create   -o CMakeFiles/cmTC_a42e7.dir/CheckFunctionExists.c.o   -c /usr/share/cmake-3.7/Modules/CheckFunctionExists.c
Linking C executable cmTC_a42e7
/usr/bin/cmake -E cmake_link_script CMakeFiles/cmTC_a42e7.dir/link.txt --verbose=1
/usr/bin/cc   -DCHECK_FUNCTION_EXISTS=pthread_create    CMakeFiles/cmTC_a42e7.dir/CheckFunctionExists.c.o  -o cmTC_a42e7 -rdynamic -lpthread 
make[1] : on quitte le répertoire « /autofs/netapp/travail/awolski/M2_S9/SyntImage/tp1/build-sia_td1-Desktop-Défaut/CMakeFiles/CMakeTmp »


Determining if the function XOpenDisplay exists in the /usr/lib/x86_64-linux-gnu/libX11.so;/usr/lib/x86_64-linux-gnu/libXext.so passed with the following output:
Change Dir: /autofs/netapp/travail/awolski/M2_S9/SyntImage/tp1/build-sia_td1-Desktop-Défaut/CMakeFiles/CMakeTmp

Run Build Command:"/usr/bin/make" "cmTC_ce407/fast"
/usr/bin/make -f CMakeFiles/cmTC_ce407.dir/build.make CMakeFiles/cmTC_ce407.dir/build
make[1] : on entre dans le répertoire « /autofs/netapp/travail/awolski/M2_S9/SyntImage/tp1/build-sia_td1-Desktop-Défaut/CMakeFiles/CMakeTmp »
Building C object CMakeFiles/cmTC_ce407.dir/CheckFunctionExists.c.o
/usr/bin/cc    -DCHECK_FUNCTION_EXISTS=XOpenDisplay   -o CMakeFiles/cmTC_ce407.dir/CheckFunctionExists.c.o   -c /usr/share/cmake-3.7/Modules/CheckFunctionExists.c
Linking C executable cmTC_ce407
/usr/bin/cmake -E cmake_link_script CMakeFiles/cmTC_ce407.dir/link.txt --verbose=1
/usr/bin/cc   -DCHECK_FUNCTION_EXISTS=XOpenDisplay    CMakeFiles/cmTC_ce407.dir/CheckFunctionExists.c.o  -o cmTC_ce407 -rdynamic /usr/lib/x86_64-linux-gnu/libX11.so /usr/lib/x86_64-linux-gnu/libXext.so 
make[1] : on quitte le répertoire « /autofs/netapp/travail/awolski/M2_S9/SyntImage/tp1/build-sia_td1-Desktop-Défaut/CMakeFiles/CMakeTmp »


Determining if the function gethostbyname exists passed with the following output:
Change Dir: /autofs/netapp/travail/awolski/M2_S9/SyntImage/tp1/build-sia_td1-Desktop-Défaut/CMakeFiles/CMakeTmp

Run Build Command:"/usr/bin/make" "cmTC_84bd1/fast"
/usr/bin/make -f CMakeFiles/cmTC_84bd1.dir/build.make CMakeFiles/cmTC_84bd1.dir/build
make[1] : on entre dans le répertoire « /autofs/netapp/travail/awolski/M2_S9/SyntImage/tp1/build-sia_td1-Desktop-Défaut/CMakeFiles/CMakeTmp »
Building C object CMakeFiles/cmTC_84bd1.dir/CheckFunctionExists.c.o
/usr/bin/cc    -DCHECK_FUNCTION_EXISTS=gethostbyname   -o CMakeFiles/cmTC_84bd1.dir/CheckFunctionExists.c.o   -c /usr/share/cmake-3.7/Modules/CheckFunctionExists.c
Linking C executable cmTC_84bd1
/usr/bin/cmake -E cmake_link_script CMakeFiles/cmTC_84bd1.dir/link.txt --verbose=1
/usr/bin/cc   -DCHECK_FUNCTION_EXISTS=gethostbyname    CMakeFiles/cmTC_84bd1.dir/CheckFunctionExists.c.o  -o cmTC_84bd1 -rdynamic 
make[1] : on quitte le répertoire « /autofs/netapp/travail/awolski/M2_S9/SyntImage/tp1/build-sia_td1-Desktop-Défaut/CMakeFiles/CMakeTmp »


Determining if the function connect exists passed with the following output:
Change Dir: /autofs/netapp/travail/awolski/M2_S9/SyntImage/tp1/build-sia_td1-Desktop-Défaut/CMakeFiles/CMakeTmp

Run Build Command:"/usr/bin/make" "cmTC_4f98f/fast"
/usr/bin/make -f CMakeFiles/cmTC_4f98f.dir/build.make CMakeFiles/cmTC_4f98f.dir/build
make[1] : on entre dans le répertoire « /autofs/netapp/travail/awolski/M2_S9/SyntImage/tp1/build-sia_td1-Desktop-Défaut/CMakeFiles/CMakeTmp »
Building C object CMakeFiles/cmTC_4f98f.dir/CheckFunctionExists.c.o
/usr/bin/cc    -DCHECK_FUNCTION_EXISTS=connect   -o CMakeFiles/cmTC_4f98f.dir/CheckFunctionExists.c.o   -c /usr/share/cmake-3.7/Modules/CheckFunctionExists.c
Linking C executable cmTC_4f98f
/usr/bin/cmake -E cmake_link_script CMakeFiles/cmTC_4f98f.dir/link.txt --verbose=1
/usr/bin/cc   -DCHECK_FUNCTION_EXISTS=connect    CMakeFiles/cmTC_4f98f.dir/CheckFunctionExists.c.o  -o cmTC_4f98f -rdynamic 
make[1] : on quitte le répertoire « /autofs/netapp/travail/awolski/M2_S9/SyntImage/tp1/build-sia_td1-Desktop-Défaut/CMakeFiles/CMakeTmp »


Determining if the function remove exists passed with the following output:
Change Dir: /autofs/netapp/travail/awolski/M2_S9/SyntImage/tp1/build-sia_td1-Desktop-Défaut/CMakeFiles/CMakeTmp

Run Build Command:"/usr/bin/make" "cmTC_3fa04/fast"
/usr/bin/make -f CMakeFiles/cmTC_3fa04.dir/build.make CMakeFiles/cmTC_3fa04.dir/build
make[1] : on entre dans le répertoire « /autofs/netapp/travail/awolski/M2_S9/SyntImage/tp1/build-sia_td1-Desktop-Défaut/CMakeFiles/CMakeTmp »
Building C object CMakeFiles/cmTC_3fa04.dir/CheckFunctionExists.c.o
/usr/bin/cc    -DCHECK_FUNCTION_EXISTS=remove   -o CMakeFiles/cmTC_3fa04.dir/CheckFunctionExists.c.o   -c /usr/share/cmake-3.7/Modules/CheckFunctionExists.c
Linking C executable cmTC_3fa04
/usr/bin/cmake -E cmake_link_script CMakeFiles/cmTC_3fa04.dir/link.txt --verbose=1
/usr/bin/cc   -DCHECK_FUNCTION_EXISTS=remove    CMakeFiles/cmTC_3fa04.dir/CheckFunctionExists.c.o  -o cmTC_3fa04 -rdynamic 
make[1] : on quitte le répertoire « /autofs/netapp/travail/awolski/M2_S9/SyntImage/tp1/build-sia_td1-Desktop-Défaut/CMakeFiles/CMakeTmp »


Determining if the function shmat exists passed with the following output:
Change Dir: /autofs/netapp/travail/awolski/M2_S9/SyntImage/tp1/build-sia_td1-Desktop-Défaut/CMakeFiles/CMakeTmp

Run Build Command:"/usr/bin/make" "cmTC_0c059/fast"
/usr/bin/make -f CMakeFiles/cmTC_0c059.dir/build.make CMakeFiles/cmTC_0c059.dir/build
make[1] : on entre dans le répertoire « /autofs/netapp/travail/awolski/M2_S9/SyntImage/tp1/build-sia_td1-Desktop-Défaut/CMakeFiles/CMakeTmp »
Building C object CMakeFiles/cmTC_0c059.dir/CheckFunctionExists.c.o
/usr/bin/cc    -DCHECK_FUNCTION_EXISTS=shmat   -o CMakeFiles/cmTC_0c059.dir/CheckFunctionExists.c.o   -c /usr/share/cmake-3.7/Modules/CheckFunctionExists.c
Linking C executable cmTC_0c059
/usr/bin/cmake -E cmake_link_script CMakeFiles/cmTC_0c059.dir/link.txt --verbose=1
/usr/bin/cc   -DCHECK_FUNCTION_EXISTS=shmat    CMakeFiles/cmTC_0c059.dir/CheckFunctionExists.c.o  -o cmTC_0c059 -rdynamic 
make[1] : on quitte le répertoire « /autofs/netapp/travail/awolski/M2_S9/SyntImage/tp1/build-sia_td1-Desktop-Défaut/CMakeFiles/CMakeTmp »


Determining if the function IceConnectionNumber exists in the ICE passed with the following output:
Change Dir: /autofs/netapp/travail/awolski/M2_S9/SyntImage/tp1/build-sia_td1-Desktop-Défaut/CMakeFiles/CMakeTmp

Run Build Command:"/usr/bin/make" "cmTC_cf267/fast"
/usr/bin/make -f CMakeFiles/cmTC_cf267.dir/build.make CMakeFiles/cmTC_cf267.dir/build
make[1] : on entre dans le répertoire « /autofs/netapp/travail/awolski/M2_S9/SyntImage/tp1/build-sia_td1-Desktop-Défaut/CMakeFiles/CMakeTmp »
Building C object CMakeFiles/cmTC_cf267.dir/CheckFunctionExists.c.o
/usr/bin/cc    -DCHECK_FUNCTION_EXISTS=IceConnectionNumber   -o CMakeFiles/cmTC_cf267.dir/CheckFunctionExists.c.o   -c /usr/share/cmake-3.7/Modules/CheckFunctionExists.c
Linking C executable cmTC_cf267
/usr/bin/cmake -E cmake_link_script CMakeFiles/cmTC_cf267.dir/link.txt --verbose=1
/usr/bin/cc   -DCHECK_FUNCTION_EXISTS=IceConnectionNumber    CMakeFiles/cmTC_cf267.dir/CheckFunctionExists.c.o  -o cmTC_cf267 -rdynamic -lICE 
make[1] : on quitte le répertoire « /autofs/netapp/travail/awolski/M2_S9/SyntImage/tp1/build-sia_td1-Desktop-Défaut/CMakeFiles/CMakeTmp »


